<?xml version='1.0'?>
<ns2:test-suite xmlns:ns2='urn:model.allure.qatools.yandex.ru' start='1576670848701' stop='1576670863738'>
    <name>Client, main actions</name>
    <title>Client, main actions</title>
    <test-cases>
        <test-case start='1576670848714' status='failed' stop='1576670861729'>
            <name>Login as client</name>
            <title>Login as client</title>
            <labels/>
            <parameters/>
            <steps/>
            <attachments/>
            <failure>
                <message>NoSuchWindowError: no such window: target window already closed
                from unknown error: web view not found
                  (Session info: chrome=79.0.3945.88)</message>
                <stack-trace>NoSuchWindowError: no such window: target window already closed
                from unknown error: web view not found
                  (Session info: chrome=79.0.3945.88)
                    at Object.throwDecodedError (C:\Users\Valeriy\Desktop\Work\enel-e2e\node_modules\selenium-webdriver\lib\error.js:550:15)
                    at parseHttpResponse (C:\Users\Valeriy\Desktop\Work\enel-e2e\node_modules\selenium-webdriver\lib\http.js:563:13)
                    at Executor.execute (C:\Users\Valeriy\Desktop\Work\enel-e2e\node_modules\selenium-webdriver\lib\http.js:489:26)
                    at processTicksAndRejections (internal/process/task_queues.js:93:5)
                    at thenableWebDriverProxy.execute (C:\Users\Valeriy\Desktop\Work\enel-e2e\node_modules\selenium-webdriver\lib\webdriver.js:699:17)</stack-trace>
            </failure>
        </test-case>
        <test-case start='1576670861729' status='failed' stop='1576670861732'>
            <name>create new user</name>
            <title>create new user</title>
            <labels/>
            <parameters/>
            <steps/>
            <attachments/>
            <failure>
                <message>NoSuchWindowError: no such window: target window already closed
                from unknown error: web view not found
                  (Session info: chrome=79.0.3945.88)</message>
                <stack-trace>NoSuchWindowError: no such window: target window already closed
                from unknown error: web view not found
                  (Session info: chrome=79.0.3945.88)
                    at Object.throwDecodedError (C:\Users\Valeriy\Desktop\Work\enel-e2e\node_modules\selenium-webdriver\lib\error.js:550:15)
                    at parseHttpResponse (C:\Users\Valeriy\Desktop\Work\enel-e2e\node_modules\selenium-webdriver\lib\http.js:563:13)
                    at Executor.execute (C:\Users\Valeriy\Desktop\Work\enel-e2e\node_modules\selenium-webdriver\lib\http.js:489:26)
                    at processTicksAndRejections (internal/process/task_queues.js:93:5)
                    at thenableWebDriverProxy.execute (C:\Users\Valeriy\Desktop\Work\enel-e2e\node_modules\selenium-webdriver\lib\webdriver.js:699:17)
                    at thenableWebDriverProxy.findElements (C:\Users\Valeriy\Desktop\Work\enel-e2e\node_modules\selenium-webdriver\lib\webdriver.js:951:19)</stack-trace>
            </failure>
        </test-case>
        <test-case start='1576670861732' status='failed' stop='1576670861734'>
            <name>change user information</name>
            <title>change user information</title>
            <labels/>
            <parameters/>
            <steps/>
            <attachments/>
            <failure>
                <message>NoSuchWindowError: no such window: target window already closed
                from unknown error: web view not found
                  (Session info: chrome=79.0.3945.88)</message>
                <stack-trace>NoSuchWindowError: no such window: target window already closed
                from unknown error: web view not found
                  (Session info: chrome=79.0.3945.88)
                    at Object.throwDecodedError (C:\Users\Valeriy\Desktop\Work\enel-e2e\node_modules\selenium-webdriver\lib\error.js:550:15)
                    at parseHttpResponse (C:\Users\Valeriy\Desktop\Work\enel-e2e\node_modules\selenium-webdriver\lib\http.js:563:13)
                    at Executor.execute (C:\Users\Valeriy\Desktop\Work\enel-e2e\node_modules\selenium-webdriver\lib\http.js:489:26)
                    at processTicksAndRejections (internal/process/task_queues.js:93:5)
                    at thenableWebDriverProxy.execute (C:\Users\Valeriy\Desktop\Work\enel-e2e\node_modules\selenium-webdriver\lib\webdriver.js:699:17)
                    at thenableWebDriverProxy.findElements (C:\Users\Valeriy\Desktop\Work\enel-e2e\node_modules\selenium-webdriver\lib\webdriver.js:951:19)</stack-trace>
            </failure>
        </test-case>
        <test-case start='1576670861734' status='failed' stop='1576670861736'>
            <name>delete user</name>
            <title>delete user</title>
            <labels/>
            <parameters/>
            <steps/>
            <attachments/>
            <failure>
                <message>NoSuchWindowError: no such window: target window already closed
                from unknown error: web view not found
                  (Session info: chrome=79.0.3945.88)</message>
                <stack-trace>NoSuchWindowError: no such window: target window already closed
                from unknown error: web view not found
                  (Session info: chrome=79.0.3945.88)
                    at Object.throwDecodedError (C:\Users\Valeriy\Desktop\Work\enel-e2e\node_modules\selenium-webdriver\lib\error.js:550:15)
                    at parseHttpResponse (C:\Users\Valeriy\Desktop\Work\enel-e2e\node_modules\selenium-webdriver\lib\http.js:563:13)
                    at Executor.execute (C:\Users\Valeriy\Desktop\Work\enel-e2e\node_modules\selenium-webdriver\lib\http.js:489:26)
                    at processTicksAndRejections (internal/process/task_queues.js:93:5)
                    at thenableWebDriverProxy.execute (C:\Users\Valeriy\Desktop\Work\enel-e2e\node_modules\selenium-webdriver\lib\webdriver.js:699:17)
                    at thenableWebDriverProxy.findElements (C:\Users\Valeriy\Desktop\Work\enel-e2e\node_modules\selenium-webdriver\lib\webdriver.js:951:19)</stack-trace>
            </failure>
        </test-case>
        <test-case start='1576670861736' status='failed' stop='1576670863738'>
            <name>connect with stripe</name>
            <title>connect with stripe</title>
            <labels/>
            <parameters/>
            <steps/>
            <attachments/>
            <failure>
                <message>NoSuchWindowError: no such window: target window already closed
                from unknown error: web view not found
                  (Session info: chrome=79.0.3945.88)</message>
                <stack-trace>NoSuchWindowError: no such window: target window already closed
                from unknown error: web view not found
                  (Session info: chrome=79.0.3945.88)
                    at Object.throwDecodedError (C:\Users\Valeriy\Desktop\Work\enel-e2e\node_modules\selenium-webdriver\lib\error.js:550:15)
                    at parseHttpResponse (C:\Users\Valeriy\Desktop\Work\enel-e2e\node_modules\selenium-webdriver\lib\http.js:563:13)
                    at Executor.execute (C:\Users\Valeriy\Desktop\Work\enel-e2e\node_modules\selenium-webdriver\lib\http.js:489:26)
                    at processTicksAndRejections (internal/process/task_queues.js:93:5)
                    at thenableWebDriverProxy.execute (C:\Users\Valeriy\Desktop\Work\enel-e2e\node_modules\selenium-webdriver\lib\webdriver.js:699:17)
                    at thenableWebDriverProxy.findElements (C:\Users\Valeriy\Desktop\Work\enel-e2e\node_modules\selenium-webdriver\lib\webdriver.js:951:19)</stack-trace>
            </failure>
        </test-case>
    </test-cases>
</ns2:test-suite>