<?xml version='1.0'?>
<ns2:test-suite xmlns:ns2='urn:model.allure.qatools.yandex.ru' start='1575897588762' stop='1575897698832'>
    <name>Reseller, main actions</name>
    <title>Reseller, main actions</title>
    <test-cases>
        <test-case start='1575897588773' status='passed' stop='1575897609335'>
            <name>Login as reseller</name>
            <title>Login as reseller</title>
            <labels/>
            <parameters/>
            <steps/>
            <attachments/>
        </test-case>
        <test-case start='1575897609335' status='failed' stop='1575897638146'>
            <name>Create a new client for a current reseller</name>
            <title>Create a new client for a current reseller</title>
            <labels/>
            <parameters/>
            <steps/>
            <attachments/>
            <failure>
                <message>TimeoutError: Waiting for element to be located By(xpath, //span[text() = 'Client Name'])
                Wait timed out after 20246ms</message>
                <stack-trace>TimeoutError: Waiting for element to be located By(xpath, //span[text() = 'Client Name'])
                Wait timed out after 20246ms
                    at C:\Users\Valeriy\Desktop\Work\enel-e2e\node_modules\selenium-webdriver\lib\webdriver.js:841:17
                    at processTicksAndRejections (internal/process/task_queues.js:93:5)</stack-trace>
            </failure>
        </test-case>
        <test-case start='1575897638146' status='failed' stop='1575897658377'>
            <name>Create a new rate</name>
            <title>Create a new rate</title>
            <labels/>
            <parameters/>
            <steps/>
            <attachments/>
            <failure>
                <message>TimeoutError: Waiting for element to be located By(xpath, //a[@href = '/rates'])
                Wait timed out after 20230ms</message>
                <stack-trace>TimeoutError: Waiting for element to be located By(xpath, //a[@href = '/rates'])
                Wait timed out after 20230ms
                    at C:\Users\Valeriy\Desktop\Work\enel-e2e\node_modules\selenium-webdriver\lib\webdriver.js:841:17
                    at processTicksAndRejections (internal/process/task_queues.js:93:5)</stack-trace>
            </failure>
        </test-case>
        <test-case start='1575897658377' status='failed' stop='1575897678609'>
            <name>Create a new group</name>
            <title>Create a new group</title>
            <labels/>
            <parameters/>
            <steps/>
            <attachments/>
            <failure>
                <message>TimeoutError: Waiting for element to be located By(xpath, //a[@href = '/users/groups'])
                Wait timed out after 20232ms</message>
                <stack-trace>TimeoutError: Waiting for element to be located By(xpath, //a[@href = '/users/groups'])
                Wait timed out after 20232ms
                    at C:\Users\Valeriy\Desktop\Work\enel-e2e\node_modules\selenium-webdriver\lib\webdriver.js:841:17
                    at processTicksAndRejections (internal/process/task_queues.js:93:5)</stack-trace>
            </failure>
        </test-case>
        <test-case start='1575897678609' status='failed' stop='1575897698832'>
            <name>location test</name>
            <title>location test</title>
            <labels/>
            <parameters/>
            <steps/>
            <attachments/>
            <failure>
                <message>TimeoutError: Waiting for element to be located By(xpath, //a[@href = '/locations'])
                Wait timed out after 20223ms</message>
                <stack-trace>TimeoutError: Waiting for element to be located By(xpath, //a[@href = '/locations'])
                Wait timed out after 20223ms
                    at C:\Users\Valeriy\Desktop\Work\enel-e2e\node_modules\selenium-webdriver\lib\webdriver.js:841:17
                    at processTicksAndRejections (internal/process/task_queues.js:93:5)</stack-trace>
            </failure>
        </test-case>
    </test-cases>
</ns2:test-suite>