<?xml version='1.0'?>
<ns2:test-suite xmlns:ns2='urn:model.allure.qatools.yandex.ru' start='1576270636420' stop='1576270651533'>
    <name>Reseller, main actions</name>
    <title>Reseller, main actions</title>
    <test-cases>
        <test-case start='1576270636431' status='failed' stop='1576270651530'>
            <name>Login as reseller</name>
            <title>Login as reseller</title>
            <labels/>
            <parameters/>
            <steps/>
            <attachments/>
            <failure>
                <message>SessionNotCreatedError: session not created
                from chrome not reachable
                  (Session info: chrome=79.0.3945.79)</message>
                <stack-trace>SessionNotCreatedError: session not created
                from chrome not reachable
                  (Session info: chrome=79.0.3945.79)
                    at Object.throwDecodedError (C:\Users\Valeriy\Desktop\Work\enel-e2e\node_modules\selenium-webdriver\lib\error.js:550:15)
                    at parseHttpResponse (C:\Users\Valeriy\Desktop\Work\enel-e2e\node_modules\selenium-webdriver\lib\http.js:563:13)
                    at Executor.execute (C:\Users\Valeriy\Desktop\Work\enel-e2e\node_modules\selenium-webdriver\lib\http.js:489:26)
                    at processTicksAndRejections (internal/process/task_queues.js:93:5)</stack-trace>
            </failure>
        </test-case>
        <test-case start='1576270651531' status='failed' stop='1576270651532'>
            <name>Create a new client for a current reseller</name>
            <title>Create a new client for a current reseller</title>
            <labels/>
            <parameters/>
            <steps/>
            <attachments/>
            <failure>
                <message>SessionNotCreatedError: session not created
                from chrome not reachable
                  (Session info: chrome=79.0.3945.79)</message>
                <stack-trace>SessionNotCreatedError: session not created
                from chrome not reachable
                  (Session info: chrome=79.0.3945.79)
                    at Object.throwDecodedError (C:\Users\Valeriy\Desktop\Work\enel-e2e\node_modules\selenium-webdriver\lib\error.js:550:15)
                    at parseHttpResponse (C:\Users\Valeriy\Desktop\Work\enel-e2e\node_modules\selenium-webdriver\lib\http.js:563:13)
                    at Executor.execute (C:\Users\Valeriy\Desktop\Work\enel-e2e\node_modules\selenium-webdriver\lib\http.js:489:26)
                    at processTicksAndRejections (internal/process/task_queues.js:93:5)</stack-trace>
            </failure>
        </test-case>
        <test-case start='1576270651532' status='failed' stop='1576270651532'>
            <name>Create a new rate</name>
            <title>Create a new rate</title>
            <labels/>
            <parameters/>
            <steps/>
            <attachments/>
            <failure>
                <message>SessionNotCreatedError: session not created
                from chrome not reachable
                  (Session info: chrome=79.0.3945.79)</message>
                <stack-trace>SessionNotCreatedError: session not created
                from chrome not reachable
                  (Session info: chrome=79.0.3945.79)
                    at Object.throwDecodedError (C:\Users\Valeriy\Desktop\Work\enel-e2e\node_modules\selenium-webdriver\lib\error.js:550:15)
                    at parseHttpResponse (C:\Users\Valeriy\Desktop\Work\enel-e2e\node_modules\selenium-webdriver\lib\http.js:563:13)
                    at Executor.execute (C:\Users\Valeriy\Desktop\Work\enel-e2e\node_modules\selenium-webdriver\lib\http.js:489:26)
                    at processTicksAndRejections (internal/process/task_queues.js:93:5)</stack-trace>
            </failure>
        </test-case>
        <test-case start='1576270651532' status='failed' stop='1576270651533'>
            <name>Create a new group</name>
            <title>Create a new group</title>
            <labels/>
            <parameters/>
            <steps/>
            <attachments/>
            <failure>
                <message>SessionNotCreatedError: session not created
                from chrome not reachable
                  (Session info: chrome=79.0.3945.79)</message>
                <stack-trace>SessionNotCreatedError: session not created
                from chrome not reachable
                  (Session info: chrome=79.0.3945.79)
                    at Object.throwDecodedError (C:\Users\Valeriy\Desktop\Work\enel-e2e\node_modules\selenium-webdriver\lib\error.js:550:15)
                    at parseHttpResponse (C:\Users\Valeriy\Desktop\Work\enel-e2e\node_modules\selenium-webdriver\lib\http.js:563:13)
                    at Executor.execute (C:\Users\Valeriy\Desktop\Work\enel-e2e\node_modules\selenium-webdriver\lib\http.js:489:26)
                    at processTicksAndRejections (internal/process/task_queues.js:93:5)</stack-trace>
            </failure>
        </test-case>
        <test-case start='1576270651533' status='failed' stop='1576270651533'>
            <name>location test</name>
            <title>location test</title>
            <labels/>
            <parameters/>
            <steps/>
            <attachments/>
            <failure>
                <message>SessionNotCreatedError: session not created
                from chrome not reachable
                  (Session info: chrome=79.0.3945.79)</message>
                <stack-trace>SessionNotCreatedError: session not created
                from chrome not reachable
                  (Session info: chrome=79.0.3945.79)
                    at Object.throwDecodedError (C:\Users\Valeriy\Desktop\Work\enel-e2e\node_modules\selenium-webdriver\lib\error.js:550:15)
                    at parseHttpResponse (C:\Users\Valeriy\Desktop\Work\enel-e2e\node_modules\selenium-webdriver\lib\http.js:563:13)
                    at Executor.execute (C:\Users\Valeriy\Desktop\Work\enel-e2e\node_modules\selenium-webdriver\lib\http.js:489:26)
                    at processTicksAndRejections (internal/process/task_queues.js:93:5)</stack-trace>
            </failure>
        </test-case>
    </test-cases>
</ns2:test-suite>