<?xml version='1.0'?>
<ns2:test-suite xmlns:ns2='urn:model.allure.qatools.yandex.ru' start='1575901534386' stop='1575901648488'>
    <name>Reseller, main actions</name>
    <title>Reseller, main actions</title>
    <test-cases>
        <test-case start='1575901534398' status='passed' stop='1575901555130'>
            <name>Login as reseller</name>
            <title>Login as reseller</title>
            <labels/>
            <parameters/>
            <steps/>
            <attachments/>
        </test-case>
        <test-case start='1575901555130' status='failed' stop='1575901585131'>
            <name>Create a new client for a current reseller</name>
            <title>Create a new client for a current reseller</title>
            <labels/>
            <parameters/>
            <steps/>
            <attachments/>
            <failure>
                <message>: Timeout - Async callback was not invoked within the 30000ms timeout specified by jest.setTimeout.</message>
                <stack-trace>Timeout - Async callback was not invoked within the 30000ms timeout specified by jest.setTimeout.Error: 
                    at new Spec (C:\Users\Valeriy\Desktop\Work\enel-e2e\node_modules\jest-jasmine2\build\jasmine\Spec.js:116:22)
                    at new Spec (C:\Users\Valeriy\Desktop\Work\enel-e2e\node_modules\jest-jasmine2\build\setup_jest_globals.js:80:9)
                    at specFactory (C:\Users\Valeriy\Desktop\Work\enel-e2e\node_modules\jest-jasmine2\build\jasmine\Env.js:575:24)
                    at Env.it (C:\Users\Valeriy\Desktop\Work\enel-e2e\node_modules\jest-jasmine2\build\jasmine\Env.js:644:24)
                    at Env.it (C:\Users\Valeriy\Desktop\Work\enel-e2e\node_modules\jest-jasmine2\build\jasmineAsyncInstall.js:132:23)
                    at it (C:\Users\Valeriy\Desktop\Work\enel-e2e\node_modules\jest-jasmine2\build\jasmine\jasmineLight.js:93:21)
                    at Suite.test (C:\Users\Valeriy\Desktop\Work\enel-e2e\test\test.js:33:3)
                    at addSpecsToSuite (C:\Users\Valeriy\Desktop\Work\enel-e2e\node_modules\jest-jasmine2\build\jasmine\Env.js:496:51)
                    at Env.describe (C:\Users\Valeriy\Desktop\Work\enel-e2e\node_modules\jest-jasmine2\build\jasmine\Env.js:466:11)
                    at describe (C:\Users\Valeriy\Desktop\Work\enel-e2e\node_modules\jest-jasmine2\build\jasmine\jasmineLight.js:81:18)
                    at Object.describe (C:\Users\Valeriy\Desktop\Work\enel-e2e\test\test.js:13:1)
                    at Runtime._execModule (C:\Users\Valeriy\Desktop\Work\enel-e2e\node_modules\jest-runtime\build\index.js:867:68)
                    at Runtime._loadModule (C:\Users\Valeriy\Desktop\Work\enel-e2e\node_modules\jest-runtime\build\index.js:577:12)
                    at Runtime.requireModule (C:\Users\Valeriy\Desktop\Work\enel-e2e\node_modules\jest-runtime\build\index.js:433:10)
                    at C:\Users\Valeriy\Desktop\Work\enel-e2e\node_modules\jest-jasmine2\build\index.js:202:13
                    at Generator.next (&lt;anonymous>)
                    at asyncGeneratorStep (C:\Users\Valeriy\Desktop\Work\enel-e2e\node_modules\jest-jasmine2\build\index.js:27:24)
                    at _next (C:\Users\Valeriy\Desktop\Work\enel-e2e\node_modules\jest-jasmine2\build\index.js:47:9)
                    at C:\Users\Valeriy\Desktop\Work\enel-e2e\node_modules\jest-jasmine2\build\index.js:52:7
                    at new Promise (&lt;anonymous>)
                    at C:\Users\Valeriy\Desktop\Work\enel-e2e\node_modules\jest-jasmine2\build\index.js:44:12
                    at _jasmine (C:\Users\Valeriy\Desktop\Work\enel-e2e\node_modules\jest-jasmine2\build\index.js:207:19)
                    at jasmine2 (C:\Users\Valeriy\Desktop\Work\enel-e2e\node_modules\jest-jasmine2\build\index.js:60:19)
                    at C:\Users\Valeriy\Desktop\Work\enel-e2e\node_modules\jest-runner\build\runTest.js:385:24
                    at Generator.next (&lt;anonymous>)
                    at asyncGeneratorStep (C:\Users\Valeriy\Desktop\Work\enel-e2e\node_modules\jest-runner\build\runTest.js:161:24)
                    at _next (C:\Users\Valeriy\Desktop\Work\enel-e2e\node_modules\jest-runner\build\runTest.js:181:9)</stack-trace>
            </failure>
        </test-case>
        <test-case start='1575901585131' status='failed' stop='1575901607987'>
            <name>Create a new rate</name>
            <title>Create a new rate</title>
            <labels/>
            <parameters/>
            <steps/>
            <attachments/>
            <failure>
                <message>TimeoutError: Waiting for element to be located By(xpath, //span[text() = 'Client Name'])
                Wait timed out after 20240ms</message>
                <stack-trace>TimeoutError: Waiting for element to be located By(xpath, //span[text() = 'Client Name'])
                Wait timed out after 20240ms
                    at C:\Users\Valeriy\Desktop\Work\enel-e2e\node_modules\selenium-webdriver\lib\webdriver.js:841:17
                    at processTicksAndRejections (internal/process/task_queues.js:93:5)</stack-trace>
            </failure>
        </test-case>
        <test-case start='1575901607987' status='failed' stop='1575901628241'>
            <name>Create a new group</name>
            <title>Create a new group</title>
            <labels/>
            <parameters/>
            <steps/>
            <attachments/>
            <failure>
                <message>TimeoutError: Waiting for element to be located By(xpath, //a[@href = '/users/groups'])
                Wait timed out after 20252ms</message>
                <stack-trace>TimeoutError: Waiting for element to be located By(xpath, //a[@href = '/users/groups'])
                Wait timed out after 20252ms
                    at C:\Users\Valeriy\Desktop\Work\enel-e2e\node_modules\selenium-webdriver\lib\webdriver.js:841:17
                    at processTicksAndRejections (internal/process/task_queues.js:93:5)</stack-trace>
            </failure>
        </test-case>
        <test-case start='1575901628241' status='failed' stop='1575901648488'>
            <name>location test</name>
            <title>location test</title>
            <labels/>
            <parameters/>
            <steps/>
            <attachments/>
            <failure>
                <message>TimeoutError: Waiting for element to be located By(xpath, //a[@href = '/locations'])
                Wait timed out after 20247ms</message>
                <stack-trace>TimeoutError: Waiting for element to be located By(xpath, //a[@href = '/locations'])
                Wait timed out after 20247ms
                    at C:\Users\Valeriy\Desktop\Work\enel-e2e\node_modules\selenium-webdriver\lib\webdriver.js:841:17
                    at processTicksAndRejections (internal/process/task_queues.js:93:5)</stack-trace>
            </failure>
        </test-case>
    </test-cases>
</ns2:test-suite>