<?xml version='1.0'?>
<ns2:test-suite xmlns:ns2='urn:model.allure.qatools.yandex.ru' start='1576670405783' stop='1576670500826'>
    <name>Client, main actions</name>
    <title>Client, main actions</title>
    <test-cases>
        <test-case start='1576670405797' status='passed' stop='1576670427810'>
            <name>Login as client</name>
            <title>Login as client</title>
            <labels/>
            <parameters/>
            <steps/>
            <attachments/>
        </test-case>
        <test-case start='1576670427810' status='failed' stop='1576670451001'>
            <name>create new user</name>
            <title>create new user</title>
            <labels/>
            <parameters/>
            <steps/>
            <attachments/>
            <failure>
                <message>TimeoutError: Waiting for element to be located By(xpath, //div/a[text()='AutoTest_user3140 +Vasya AutoTest_SurName +Pumpkin'])
                Wait timed out after 20252ms</message>
                <stack-trace>TimeoutError: Waiting for element to be located By(xpath, //div/a[text()='AutoTest_user3140 +Vasya AutoTest_SurName +Pumpkin'])
                Wait timed out after 20252ms
                    at C:\Users\Valeriy\Desktop\Work\enel-e2e\node_modules\selenium-webdriver\lib\webdriver.js:841:17
                    at processTicksAndRejections (internal/process/task_queues.js:93:5)</stack-trace>
            </failure>
        </test-case>
        <test-case start='1576670451001' status='failed' stop='1576670471341'>
            <name>change user information</name>
            <title>change user information</title>
            <labels/>
            <parameters/>
            <steps/>
            <attachments/>
            <failure>
                <message>TimeoutError: Waiting for element to be located By(xpath, //div/a[text()='AutoTest_user3140 +Vasya AutoTest_SurName +Pumpkin'])
                Wait timed out after 20274ms</message>
                <stack-trace>TimeoutError: Waiting for element to be located By(xpath, //div/a[text()='AutoTest_user3140 +Vasya AutoTest_SurName +Pumpkin'])
                Wait timed out after 20274ms
                    at C:\Users\Valeriy\Desktop\Work\enel-e2e\node_modules\selenium-webdriver\lib\webdriver.js:841:17
                    at processTicksAndRejections (internal/process/task_queues.js:93:5)</stack-trace>
            </failure>
        </test-case>
        <test-case start='1576670471341' status='failed' stop='1576670491691'>
            <name>delete user</name>
            <title>delete user</title>
            <labels/>
            <parameters/>
            <steps/>
            <attachments/>
            <failure>
                <message>TimeoutError: Waiting for element to be located By(xpath, //div/a[text()='AutoTest_user3140 +Vasya AutoTest_SurName +Pumpkin'])
                Wait timed out after 20281ms</message>
                <stack-trace>TimeoutError: Waiting for element to be located By(xpath, //div/a[text()='AutoTest_user3140 +Vasya AutoTest_SurName +Pumpkin'])
                Wait timed out after 20281ms
                    at C:\Users\Valeriy\Desktop\Work\enel-e2e\node_modules\selenium-webdriver\lib\webdriver.js:841:17
                    at processTicksAndRejections (internal/process/task_queues.js:93:5)</stack-trace>
            </failure>
        </test-case>
        <test-case start='1576670491691' status='failed' stop='1576670500826'>
            <name>connect with stripe</name>
            <title>connect with stripe</title>
            <labels/>
            <parameters/>
            <steps/>
            <attachments/>
            <failure>
                <message>ElementClickInterceptedError: element click intercepted: Element &lt;app-icon _ngcontent-c1="" class="m-l-20 m-b-5 pointer" iconname="icon-single-user" _nghost-c3="" tabindex="0" ng-reflect-router-link="/users/account" ng-reflect-icon-name="icon-single-user">...&lt;/app-icon> is not clickable at point (1822, 89). Other element would receive the click: &lt;div id="cdk-overlay-2" class="cdk-overlay-pane" style="pointer-events: auto; position: static;">...&lt;/div>
                  (Session info: chrome=79.0.3945.88)</message>
                <stack-trace>ElementClickInterceptedError: element click intercepted: Element &lt;app-icon _ngcontent-c1="" class="m-l-20 m-b-5 pointer" iconname="icon-single-user" _nghost-c3="" tabindex="0" ng-reflect-router-link="/users/account" ng-reflect-icon-name="icon-single-user">...&lt;/app-icon> is not clickable at point (1822, 89). Other element would receive the click: &lt;div id="cdk-overlay-2" class="cdk-overlay-pane" style="pointer-events: auto; position: static;">...&lt;/div>
                  (Session info: chrome=79.0.3945.88)
                    at Object.throwDecodedError (C:\Users\Valeriy\Desktop\Work\enel-e2e\node_modules\selenium-webdriver\lib\error.js:550:15)
                    at parseHttpResponse (C:\Users\Valeriy\Desktop\Work\enel-e2e\node_modules\selenium-webdriver\lib\http.js:563:13)
                    at Executor.execute (C:\Users\Valeriy\Desktop\Work\enel-e2e\node_modules\selenium-webdriver\lib\http.js:489:26)
                    at processTicksAndRejections (internal/process/task_queues.js:93:5)
                    at thenableWebDriverProxy.execute (C:\Users\Valeriy\Desktop\Work\enel-e2e\node_modules\selenium-webdriver\lib\webdriver.js:699:17)</stack-trace>
            </failure>
        </test-case>
    </test-cases>
</ns2:test-suite>